007000000500000006000920300098000005700200900000800470009305007640000000100006000
007000000500000006000920300098000005700200900000800470009305007640000000100006000
000700000050000000600092030009800000570020090000080047000930500764000000010000600
000070000005000000060009203000980000057002009000008004700093050076400000001000060
000007000000500000006000920300098000005700200900000800470009305007640000000100006
600000700000050000000600092030009800000570020090000080047000930500764000000010000
060000070000005000000060009203000980000057002009000008004700093050076400000001000
006000007000000500000006000920300098000005700200900000800470009305007640000000100
000600000700000050000000600092030009800000570020090000080047000930500764000000010
000060000070000005000000060009203000980000057002009000008004700093050076400000001
100006000007000000500000006000920300098000005700200900000800470009305007640000000
010000600000700000050000000600092030009800000570020090000080047000930500764000000
001000060000070000005000000060009203000980000057002009000008004700093050076400000
000100006000007000000500000006000920300098000005700200900000800470009305007640000
000010000600000700000050000000600092030009800000570020090000080047000930500764000
000001000060000070000005000000060009203000980000057002009000008004700093050076400
000000100006000007000000500000006000920300098000005700200900000800470009305007640
000000010000600000700000050000000600092030009800000570020090000080047000930500764
400000001000060000070000005000000060009203000980000057002009000008004700093050076
640000000100006000007000000500000006000920300098000005700200900000800470009305007
764000000010000600000700000050000000600092030009800000570020090000080047000930500
076400000001000060000070000005000000060009203000980000057002009000008004700093050
007640000000100006000007000000500000006000920300098000005700200900000800470009305
500764000000010000600000700000050000000600092030009800000570020090000080047000930
050076400000001000060000070000005000000060009203000980000057002009000008004700093
305007640000000100006000007000000500000006000920300098000005700200900000800470009
930500764000000010000600000700000050000000600092030009800000570020090000080047000
093050076400000001000060000070000005000000060009203000980000057002009000008004700
009305007640000000100006000007000000500000006000920300098000005700200900000800470
000930500764000000010000600000700000050000000600092030009800000570020090000080047
700093050076400000001000060000070000005000000060009203000980000057002009000008004
470009305007640000000100006000007000000500000006000920300098000005700200900000800
047000930500764000000010000600000700000050000000600092030009800000570020090000080
004700093050076400000001000060000070000005000000060009203000980000057002009000008
800470009305007640000000100006000007000000500000006000920300098000005700200900000
080047000930500764000000010000600000700000050000000600092030009800000570020090000
008004700093050076400000001000060000070000005000000060009203000980000057002009000
000800470009305007640000000100006000007000000500000006000920300098000005700200900
000080047000930500764000000010000600000700000050000000600092030009800000570020090
000008004700093050076400000001000060000070000005000000060009203000980000057002009
900000800470009305007640000000100006000007000000500000006000920300098000005700200
090000080047000930500764000000010000600000700000050000000600092030009800000570020
009000008004700093050076400000001000060000070000005000000060009203000980000057002
200900000800470009305007640000000100006000007000000500000006000920300098000005700
020090000080047000930500764000000010000600000700000050000000600092030009800000570
002009000008004700093050076400000001000060000070000005000000060009203000980000057
700200900000800470009305007640000000100006000007000000500000006000920300098000005
570020090000080047000930500764000000010000600000700000050000000600092030009800000
057002009000008004700093050076400000001000060000070000005000000060009203000980000
005700200900000800470009305007640000000100006000007000000500000006000920300098000
000570020090000080047000930500764000000010000600000700000050000000600092030009800
000057002009000008004700093050076400000001000060000070000005000000060009203000980
000005700200900000800470009305007640000000100006000007000000500000006000920300098
800000570020090000080047000930500764000000010000600000700000050000000600092030009
980000057002009000008004700093050076400000001000060000070000005000000060009203000
098000005700200900000800470009305007640000000100006000007000000500000006000920300
009800000570020090000080047000930500764000000010000600000700000050000000600092030
000980000057002009000008004700093050076400000001000060000070000005000000060009203
300098000005700200900000800470009305007640000000100006000007000000500000006000920
030009800000570020090000080047000930500764000000010000600000700000050000000600092
203000980000057002009000008004700093050076400000001000060000070000005000000060009
920300098000005700200900000800470009305007640000000100006000007000000500000006000
092030009800000570020090000080047000930500764000000010000600000700000050000000600
009203000980000057002009000008004700093050076400000001000060000070000005000000060
000920300098000005700200900000800470009305007640000000100006000007000000500000006
600092030009800000570020090000080047000930500764000000010000600000700000050000000
060009203000980000057002009000008004700093050076400000001000060000070000005000000
006000920300098000005700200900000800470009305007640000000100006000007000000500000
000600092030009800000570020090000080047000930500764000000010000600000700000050000
000060009203000980000057002009000008004700093050076400000001000060000070000005000
000006000920300098000005700200900000800470009305007640000000100006000007000000500
000000600092030009800000570020090000080047000930500764000000010000600000700000050
000000060009203000980000057002009000008004700093050076400000001000060000070000005
500000006000920300098000005700200900000800470009305007640000000100006000007000000
050000000600092030009800000570020090000080047000930500764000000010000600000700000
005000000060009203000980000057002009000008004700093050076400000001000060000070000
000500000006000920300098000005700200900000800470009305007640000000100006000007000
000050000000600092030009800000570020090000080047000930500764000000010000600000700
000005000000060009203000980000057002009000008004700093050076400000001000060000070
000000500000006000920300098000005700200900000800470009305007640000000100006000007
700000050000000600092030009800000570020090000080047000930500764000000010000600000
070000005000000060009203000980000057002009000008004700093050076400000001000060000
000000000500000006000920300098000005700200900000800470009305007640000000100006000
007000000000000006000920300098000005700200900000800470009305007640000000100006000
007000000500000000000920300098000005700200900000800470009305007640000000100006000
007000000500000006000020300098000005700200900000800470009305007640000000100006000
007000000500000006000900300098000005700200900000800470009305007640000000100006000
007000000500000006000920000098000005700200900000800470009305007640000000100006000
007000000500000006000920300008000005700200900000800470009305007640000000100006000
007000000500000006000920300090000005700200900000800470009305007640000000100006000
007000000500000006000920300098000000700200900000800470009305007640000000100006000
007000000500000006000920300098000005000200900000800470009305007640000000100006000
007000000500000006000920300098000005700000900000800470009305007640000000100006000
007000000500000006000920300098000005700200000000800470009305007640000000100006000
007000000500000006000920300098000005700200900000000470009305007640000000100006000
007000000500000006000920300098000005700200900000800070009305007640000000100006000
007000000500000006000920300098000005700200900000800400009305007640000000100006000
007000000500000006000920300098000005700200900000800470000305007640000000100006000
007000000500000006000920300098000005700200900000800470009005007640000000100006000
007000000500000006000920300098000005700200900000800470009300007640000000100006000
007000000500000006000920300098000005700200900000800470009305000640000000100006000
007000000500000006000920300098000005700200900000800470009305007040000000100006000
007000000500000006000920300098000005700200900000800470009305007600000000100006000
007000000500000006000920300098000005700200900000800470009305007640000000000006000
007000000500000006000920300098000005700200900000800470009305007640000000100000000
